<?xml version="1.0" encoding="UTF-8"?>
<!-- Generated by org.testng.reporters.JUnitReportReporter -->
<testsuite hostname="Girish" failures="0" tests="1" name="JsonManipulation.getsingleEmployeeData" time="5.123" errors="0" timestamp="2024-06-03T07:29:44 IST" skipped="0">
  <testcase classname="JsonManipulation.getsingleEmployeeData" name="passBodyAsMultiplepayload" time="5.123"/>
  <system-out/>
</testsuite> <!-- JsonManipulation.getsingleEmployeeData -->
