<?xml version="1.0" encoding="UTF-8"?>
<!-- Generated by org.testng.reporters.JUnitReportReporter -->
<testsuite hostname="Girish" failures="0" tests="1" name="restfulbooker.CreateAuthToken" time="2.797" errors="0" timestamp="2024-06-01T15:49:08 IST" skipped="0">
  <testcase classname="restfulbooker.CreateAuthToken" name="postCreateToken" time="2.797"/>
  <system-out/>
</testsuite> <!-- restfulbooker.CreateAuthToken -->
