<?xml version="1.0" encoding="UTF-8"?>
<!-- Generated by org.testng.reporters.JUnitReportReporter -->
<testsuite hostname="Girish" failures="0" tests="2" name="restfulbooker.GetBookingIds" time="4.140" errors="0" timestamp="2024-06-01T18:03:47 IST" skipped="0">
  <testcase classname="restfulbooker.GetBookingIds" name="getBookingIdDetail" time="2.885"/>
  <system-out/>
  <testcase classname="restfulbooker.GetBookingIds" name="getBookingIds" time="1.255"/>
  <system-out/>
</testsuite> <!-- restfulbooker.GetBookingIds -->
