<?xml version="1.0" encoding="UTF-8"?>
<!-- Generated by org.testng.reporters.JUnitReportReporter -->
<testsuite hostname="Girish" failures="0" tests="1" name="restfulbooker.DeleteBooking" time="3.042" errors="0" timestamp="2024-06-01T19:56:45 IST" skipped="0">
  <testcase classname="restfulbooker.DeleteBooking" name="deleteBooking" time="3.042"/>
  <system-out/>
</testsuite> <!-- restfulbooker.DeleteBooking -->
