<?xml version="1.0" encoding="UTF-8"?>
<!-- Generated by org.testng.reporters.JUnitReportReporter -->
<testsuite hostname="Girish" failures="0" tests="1" name="JsonManipulation.dataParameraziation" time="4.887" errors="0" timestamp="2024-06-03T07:56:48 IST" skipped="0">
  <testcase classname="JsonManipulation.dataParameraziation" name="createBooking" time="4.887"/>
  <system-out/>
</testsuite> <!-- JsonManipulation.dataParameraziation -->
