<?xml version="1.0" encoding="UTF-8"?>
<!-- Generated by org.testng.reporters.JUnitReportReporter -->
<testsuite hostname="Girish" failures="0" tests="1" name="JsonManipulation.readreqBodyFromJSONFile" time="3.724" errors="0" timestamp="2024-06-03T08:05:54 IST" skipped="0">
  <testcase classname="JsonManipulation.readreqBodyFromJSONFile" name="testCreateBooking" time="3.724"/>
  <system-out/>
</testsuite> <!-- JsonManipulation.readreqBodyFromJSONFile -->
