<?xml version="1.0" encoding="UTF-8"?>
<!-- Generated by org.testng.reporters.JUnitReportReporter -->
<testsuite hostname="Girish" failures="0" tests="1" name="dummy.getsingleEmployeeData" time="3.675" errors="0" timestamp="2024-06-02T09:42:19 IST" skipped="0">
  <testcase classname="dummy.getsingleEmployeeData" name="passBodyAsMultiplepayload" time="3.675"/>
  <system-out/>
</testsuite> <!-- dummy.getsingleEmployeeData -->
