<?xml version="1.0" encoding="UTF-8"?>
<!-- Generated by org.testng.reporters.JUnitReportReporter -->
<testsuite hostname="Girish" failures="0" tests="1" name="dummyRestapi.getsingleEmployeeData" time="3.889" errors="0" timestamp="2024-06-02T11:14:42 IST" skipped="0">
  <testcase classname="dummyRestapi.getsingleEmployeeData" name="passBodyAsMultiplepayload" time="3.889"/>
  <system-out/>
</testsuite> <!-- dummyRestapi.getsingleEmployeeData -->
