<?xml version="1.0" encoding="UTF-8"?>
<!-- Generated by org.testng.reporters.JUnitReportReporter -->
<testsuite hostname="Girish" failures="0" tests="1" name="restfulbooker.UpdateBooking" time="3.974" errors="0" timestamp="2024-06-01T19:51:38 IST" skipped="0">
  <testcase classname="restfulbooker.UpdateBooking" name="updateBooking" time="3.974"/>
  <system-out/>
</testsuite> <!-- restfulbooker.UpdateBooking -->
