<?xml version="1.0" encoding="UTF-8"?>
<!-- Generated by org.testng.reporters.JUnitReportReporter -->
<testsuite hostname="Girish" failures="0" tests="2" name="restfulbooker.EndToEndAPI" time="4.241" errors="0" timestamp="2024-06-01T20:29:58 IST" skipped="0">
  <testcase classname="restfulbooker.EndToEndAPI" name="createBooking" time="2.770"/>
  <system-out/>
  <testcase classname="restfulbooker.EndToEndAPI" name="getBookingIdDetail" time="1.471"/>
  <system-out/>
</testsuite> <!-- restfulbooker.EndToEndAPI -->
